[debug] [2021-10-04T22:55:55.934Z] ----------------------------------------------------------------------
[debug] [2021-10-04T22:55:55.936Z] Command:       /usr/local/bin/node /usr/local/bin/firebase use --add
[debug] [2021-10-04T22:55:55.936Z] CLI Version:   9.19.0
[debug] [2021-10-04T22:55:55.936Z] Platform:      darwin
[debug] [2021-10-04T22:55:55.936Z] Node Version:  v14.17.5
[debug] [2021-10-04T22:55:55.937Z] Time:          Mon Oct 04 2021 18:55:55 GMT-0400 (Eastern Daylight Time)
[debug] [2021-10-04T22:55:55.937Z] ----------------------------------------------------------------------
[debug] 
[debug] [2021-10-04T22:55:55.986Z] > command requires scopes: ["email","openid","https://www.googleapis.com/auth/cloudplatformprojects.readonly","https://www.googleapis.com/auth/firebase","https://www.googleapis.com/auth/cloud-platform"]
[debug] [2021-10-04T22:55:55.987Z] > authorizing via signed-in user (rhodyapps@gmail.com)
[debug] [2021-10-04T22:55:55.989Z] > refreshing access token with scopes: []
[debug] [2021-10-04T22:55:55.989Z] >>> HTTP REQUEST POST https://www.googleapis.com/oauth2/v3/token  
 <request body omitted>
[debug] [2021-10-04T22:55:56.131Z] <<< HTTP RESPONSE 400 {"date":"Mon, 04 Oct 2021 22:55:56 GMT","pragma":"no-cache","cache-control":"no-cache, no-store, max-age=0, must-revalidate","expires":"Mon, 01 Jan 1990 00:00:00 GMT","content-type":"application/json; charset=utf-8","vary":"X-Origin, Referer, Origin,Accept-Encoding","server":"scaffolding on HTTPServer2","x-xss-protection":"0","x-frame-options":"SAMEORIGIN","x-content-type-options":"nosniff","alt-svc":"h3=\":443\"; ma=2592000,h3-29=\":443\"; ma=2592000,h3-T051=\":443\"; ma=2592000,h3-Q050=\":443\"; ma=2592000,h3-Q046=\":443\"; ma=2592000,h3-Q043=\":443\"; ma=2592000,quic=\":443\"; ma=2592000; v=\"46,43\"","accept-ranges":"none","transfer-encoding":"chunked"}
[debug] [2021-10-04T22:55:56.133Z] >>> [apiv2][query] GET https://firebase.googleapis.com/v1beta1/projects pageSize=1000
[debug] [2021-10-04T22:55:56.271Z] <<< [apiv2][status] GET https://firebase.googleapis.com/v1beta1/projects 401
[debug] [2021-10-04T22:55:56.271Z] <<< [apiv2][body] GET https://firebase.googleapis.com/v1beta1/projects [omitted]
[debug] [2021-10-04T22:55:56.273Z] HTTP Error: 401, Request had invalid authentication credentials. Expected OAuth 2 access token, login cookie or other valid authentication credential. See https://developers.google.com/identity/sign-in/web/devconsole-project.
[debug] [2021-10-04T22:55:56.357Z] FirebaseError: HTTP Error: 401, Request had invalid authentication credentials. Expected OAuth 2 access token, login cookie or other valid authentication credential. See https://developers.google.com/identity/sign-in/web/devconsole-project.
    at module.exports (/usr/local/lib/node_modules/firebase-tools/lib/responseToError.js:38:12)
    at Client.doRequest (/usr/local/lib/node_modules/firebase-tools/lib/apiv2.js:238:23)
    at processTicksAndRejections (internal/process/task_queues.js:95:5)
    at async Client.request (/usr/local/lib/node_modules/firebase-tools/lib/apiv2.js:96:20)
    at async getProjectPage (/usr/local/lib/node_modules/firebase-tools/lib/management/projects.js:233:17)
    at async getFirebaseProjectPage (/usr/local/lib/node_modules/firebase-tools/lib/management/projects.js:250:23)
    at async listFirebaseProjects (/usr/local/lib/node_modules/firebase-tools/lib/management/projects.js:281:29)
[error] 
[error] Error: Failed to list Firebase projects. See firebase-debug.log for more info.
